[ 2018-11-20T19:05:50+08:00 ] 127.0.0.1 /api/buyOrder/set_default_address
INFO: [ app_init ] --START--
INFO: Run Behavior\BuildLiteBehavior [ RunTime:0.000022s ]
INFO: [ app_init ] --END-- [ RunTime:0.000362s ]
INFO: [ app_begin ] --START--
INFO: Run Behavior\ReadHtmlCacheBehavior [ RunTime:0.000426s ]
INFO: [ app_begin ] --END-- [ RunTime:0.000460s ]
SQL: SHOW COLUMNS FROM `pt_user` [ RunTime:0.0005s ]
SQL: SELECT * FROM `pt_user` WHERE ( `id` = '1' ) LIMIT 1   [ RunTime:0.0003s ]
SQL: SHOW COLUMNS FROM `pt_address` [ RunTime:0.0004s ]
SQL: SELECT * FROM `pt_address` WHERE ( `user_id` = '1' AND `is_default` = '1' AND `is_temporary` = '0' ) LIMIT 1   [ RunTime:0.0002s ]

[ 2018-11-20T19:06:17+08:00 ] 127.0.0.1 /api/buyOrder/set_default_address
INFO: [ app_init ] --START--
INFO: Run Behavior\BuildLiteBehavior [ RunTime:0.000024s ]
INFO: [ app_init ] --END-- [ RunTime:0.000404s ]
INFO: [ app_begin ] --START--
INFO: Run Behavior\ReadHtmlCacheBehavior [ RunTime:0.000433s ]
INFO: [ app_begin ] --END-- [ RunTime:0.000473s ]
SQL: SHOW COLUMNS FROM `pt_user` [ RunTime:0.0005s ]
SQL: SELECT * FROM `pt_user` WHERE ( `id` = '1' ) LIMIT 1   [ RunTime:0.0003s ]
SQL: SHOW COLUMNS FROM `pt_address` [ RunTime:0.0004s ]
SQL: SELECT * FROM `pt_address` WHERE ( `user_id` = '1' AND `is_default` = '1' AND `is_temporary` = '0' ) LIMIT 1   [ RunTime:0.0002s ]

[ 2018-11-20T19:07:03+08:00 ] 127.0.0.1 /api/buyOrder/set_default_address
INFO: [ app_init ] --START--
INFO: Run Behavior\BuildLiteBehavior [ RunTime:0.000036s ]
INFO: [ app_init ] --END-- [ RunTime:0.000621s ]
INFO: [ app_begin ] --START--
INFO: Run Behavior\ReadHtmlCacheBehavior [ RunTime:0.000647s ]
INFO: [ app_begin ] --END-- [ RunTime:0.000699s ]
SQL: SHOW COLUMNS FROM `pt_user` [ RunTime:0.0005s ]
SQL: SELECT * FROM `pt_user` WHERE ( `id` = '1' ) LIMIT 1   [ RunTime:0.0003s ]
SQL: SHOW COLUMNS FROM `pt_address` [ RunTime:0.0004s ]
SQL: SELECT * FROM `pt_address` WHERE ( `user_id` = '1' AND `is_default` = '1' AND `is_temporary` = '0' ) LIMIT 1   [ RunTime:0.0002s ]
SQL: UPDATE `pt_address` SET `is_default`='0' WHERE `id` = 2 AND `user_id` = 1 [ RunTime:0.0005s ]
SQL: UPDATE `pt_address` SET `is_default`='1' WHERE `id` = null AND `user_id` = 1 [ RunTime:0.0002s ]

[ 2018-11-20T19:07:57+08:00 ] 127.0.0.1 /api/buyOrder/set_default_address
INFO: [ app_init ] --START--
INFO: Run Behavior\BuildLiteBehavior [ RunTime:0.000025s ]
INFO: [ app_init ] --END-- [ RunTime:0.000389s ]
INFO: [ app_begin ] --START--
INFO: Run Behavior\ReadHtmlCacheBehavior [ RunTime:0.000437s ]
INFO: [ app_begin ] --END-- [ RunTime:0.000475s ]
SQL: SHOW COLUMNS FROM `pt_user` [ RunTime:0.0006s ]
SQL: SELECT * FROM `pt_user` WHERE ( `id` = '1' ) LIMIT 1   [ RunTime:0.0003s ]
SQL: SHOW COLUMNS FROM `pt_address` [ RunTime:0.0004s ]
SQL: SELECT * FROM `pt_address` WHERE ( `user_id` = '1' AND `is_default` = '1' AND `is_temporary` = '0' ) LIMIT 1   [ RunTime:0.0002s ]
SQL: UPDATE `pt_address` SET `is_default`='1' WHERE `id` = null AND `user_id` = null [ RunTime:0.0002s ]

[ 2018-11-20T19:08:37+08:00 ] 127.0.0.1 /api/buyOrder/set_default_address
INFO: [ app_init ] --START--
INFO: Run Behavior\BuildLiteBehavior [ RunTime:0.000027s ]
INFO: [ app_init ] --END-- [ RunTime:0.000551s ]
INFO: [ app_begin ] --START--
INFO: Run Behavior\ReadHtmlCacheBehavior [ RunTime:0.000430s ]
INFO: [ app_begin ] --END-- [ RunTime:0.000466s ]
SQL: SHOW COLUMNS FROM `pt_user` [ RunTime:0.0005s ]
SQL: SELECT * FROM `pt_user` WHERE ( `id` = '1' ) LIMIT 1   [ RunTime:0.0003s ]
SQL: SHOW COLUMNS FROM `pt_address` [ RunTime:0.0005s ]
SQL: SELECT * FROM `pt_address` WHERE ( `user_id` = '1' AND `is_default` = '1' AND `is_temporary` = '0' ) LIMIT 1   [ RunTime:0.0003s ]
SQL: UPDATE `pt_address` SET `is_default`='1' WHERE `id` = 5 AND `user_id` = 1 [ RunTime:0.0005s ]

[ 2018-11-20T19:08:53+08:00 ] 127.0.0.1 /api/buyOrder/set_default_address
INFO: [ app_init ] --START--
INFO: Run Behavior\BuildLiteBehavior [ RunTime:0.000011s ]
INFO: [ app_init ] --END-- [ RunTime:0.000297s ]
INFO: [ app_begin ] --START--
INFO: Run Behavior\ReadHtmlCacheBehavior [ RunTime:0.000401s ]
INFO: [ app_begin ] --END-- [ RunTime:0.000433s ]
SQL: SHOW COLUMNS FROM `pt_user` [ RunTime:0.0004s ]
SQL: SELECT * FROM `pt_user` WHERE ( `id` = '1' ) LIMIT 1   [ RunTime:0.0002s ]
SQL: SHOW COLUMNS FROM `pt_address` [ RunTime:0.0003s ]
SQL: SELECT * FROM `pt_address` WHERE ( `user_id` = '1' AND `is_default` = '1' AND `is_temporary` = '0' ) LIMIT 1   [ RunTime:0.0002s ]
SQL: UPDATE `pt_address` SET `is_default`='0' WHERE `id` = 2 AND `user_id` = 1 [ RunTime:0.0004s ]
SQL: UPDATE `pt_address` SET `is_default`='1' WHERE `id` = 5 AND `user_id` = 1 [ RunTime:0.0003s ]

