[ 2019-02-15T18:21:30+08:00 ] 127.0.0.1 /api/rider/login
INFO: [ app_init ] --START--
INFO: Run Behavior\BuildLiteBehavior [ RunTime:0.000000s ]
INFO: [ app_init ] --END-- [ RunTime:0.001000s ]
INFO: [ app_begin ] --START--
INFO: Run Behavior\ReadHtmlCacheBehavior [ RunTime:0.001000s ]
INFO: [ app_begin ] --END-- [ RunTime:0.001000s ]
NOTIC: [8] A session had already been started - ignoring session_start() D:\phpStudy\WWW\paotui-web\ThinkPHP\Common\functions.php 第 1263 行.

[ 2019-02-15T18:21:45+08:00 ] 127.0.0.1 /api/rider/login
INFO: [ app_init ] --START--
INFO: Run Behavior\BuildLiteBehavior [ RunTime:0.000000s ]
INFO: [ app_init ] --END-- [ RunTime:0.000000s ]
INFO: [ app_begin ] --START--
INFO: Run Behavior\ReadHtmlCacheBehavior [ RunTime:0.000000s ]
INFO: [ app_begin ] --END-- [ RunTime:0.000000s ]
NOTIC: [8] A session had already been started - ignoring session_start() D:\phpStudy\WWW\paotui-web\ThinkPHP\Common\functions.php 第 1263 行.

[ 2019-02-15T18:21:56+08:00 ] 127.0.0.1 /api/rider/login
INFO: [ app_init ] --START--
INFO: Run Behavior\BuildLiteBehavior [ RunTime:0.000000s ]
INFO: [ app_init ] --END-- [ RunTime:0.000000s ]
INFO: [ app_begin ] --START--
INFO: Run Behavior\ReadHtmlCacheBehavior [ RunTime:0.001000s ]
INFO: [ app_begin ] --END-- [ RunTime:0.001000s ]
NOTIC: [8] A session had already been started - ignoring session_start() D:\phpStudy\WWW\paotui-web\ThinkPHP\Common\functions.php 第 1263 行.

[ 2019-02-15T18:22:08+08:00 ] 127.0.0.1 /api/rider/login
INFO: [ app_init ] --START--
INFO: Run Behavior\BuildLiteBehavior [ RunTime:0.000000s ]
INFO: [ app_init ] --END-- [ RunTime:0.001001s ]
INFO: [ app_begin ] --START--
INFO: Run Behavior\ReadHtmlCacheBehavior [ RunTime:0.000000s ]
INFO: [ app_begin ] --END-- [ RunTime:0.000000s ]
NOTIC: [8] A session had already been started - ignoring session_start() D:\phpStudy\WWW\paotui-web\ThinkPHP\Common\functions.php 第 1263 行.
NOTIC: [8] Use of undefined constant mobile - assumed 'mobile' D:\phpStudy\WWW\paotui-web\Application\Api\Controller\RiderController.class.php 第 70 行.

[ 2019-02-15T18:22:17+08:00 ] 127.0.0.1 /api/rider/login
INFO: [ app_init ] --START--
INFO: Run Behavior\BuildLiteBehavior [ RunTime:0.001000s ]
INFO: [ app_init ] --END-- [ RunTime:0.001000s ]
INFO: [ app_begin ] --START--
INFO: Run Behavior\ReadHtmlCacheBehavior [ RunTime:0.001000s ]
INFO: [ app_begin ] --END-- [ RunTime:0.001000s ]
NOTIC: [8] A session had already been started - ignoring session_start() D:\phpStudy\WWW\paotui-web\ThinkPHP\Common\functions.php 第 1263 行.

[ 2019-02-15T18:22:23+08:00 ] 127.0.0.1 /api/rider/login
INFO: [ app_init ] --START--
INFO: Run Behavior\BuildLiteBehavior [ RunTime:0.000000s ]
INFO: [ app_init ] --END-- [ RunTime:0.000000s ]
INFO: [ app_begin ] --START--
INFO: Run Behavior\ReadHtmlCacheBehavior [ RunTime:0.000000s ]
INFO: [ app_begin ] --END-- [ RunTime:0.000000s ]
NOTIC: [8] A session had already been started - ignoring session_start() D:\phpStudy\WWW\paotui-web\ThinkPHP\Common\functions.php 第 1263 行.

[ 2019-02-15T18:22:35+08:00 ] 127.0.0.1 /api/rider/login
INFO: [ app_init ] --START--
INFO: Run Behavior\BuildLiteBehavior [ RunTime:0.000000s ]
INFO: [ app_init ] --END-- [ RunTime:0.000000s ]
INFO: [ app_begin ] --START--
INFO: Run Behavior\ReadHtmlCacheBehavior [ RunTime:0.000000s ]
INFO: [ app_begin ] --END-- [ RunTime:0.000000s ]
NOTIC: [8] A session had already been started - ignoring session_start() D:\phpStudy\WWW\paotui-web\ThinkPHP\Common\functions.php 第 1263 行.

[ 2019-02-15T18:22:41+08:00 ] 127.0.0.1 /api/rider/login
INFO: [ app_init ] --START--
INFO: Run Behavior\BuildLiteBehavior [ RunTime:0.000000s ]
INFO: [ app_init ] --END-- [ RunTime:0.001000s ]
INFO: [ app_begin ] --START--
INFO: Run Behavior\ReadHtmlCacheBehavior [ RunTime:0.000000s ]
INFO: [ app_begin ] --END-- [ RunTime:0.000000s ]
NOTIC: [8] A session had already been started - ignoring session_start() D:\phpStudy\WWW\paotui-web\ThinkPHP\Common\functions.php 第 1263 行.

[ 2019-02-15T18:22:54+08:00 ] 127.0.0.1 /api/rider/login
INFO: [ app_init ] --START--
INFO: Run Behavior\BuildLiteBehavior [ RunTime:0.000000s ]
INFO: [ app_init ] --END-- [ RunTime:0.001000s ]
INFO: [ app_begin ] --START--
INFO: Run Behavior\ReadHtmlCacheBehavior [ RunTime:0.001000s ]
INFO: [ app_begin ] --END-- [ RunTime:0.001000s ]
NOTIC: [8] A session had already been started - ignoring session_start() D:\phpStudy\WWW\paotui-web\ThinkPHP\Common\functions.php 第 1263 行.

[ 2019-02-15T18:23:10+08:00 ] 127.0.0.1 /api/rider/login
INFO: [ app_init ] --START--
INFO: Run Behavior\BuildLiteBehavior [ RunTime:0.000000s ]
INFO: [ app_init ] --END-- [ RunTime:0.000000s ]
INFO: [ app_begin ] --START--
INFO: Run Behavior\ReadHtmlCacheBehavior [ RunTime:0.001000s ]
INFO: [ app_begin ] --END-- [ RunTime:0.001000s ]
NOTIC: [8] A session had already been started - ignoring session_start() D:\phpStudy\WWW\paotui-web\ThinkPHP\Common\functions.php 第 1263 行.
SQL: SHOW COLUMNS FROM `pt_rider` [ RunTime:0.0140s ]
ERR: 1054:Unknown column 'read_phone' in 'where clause'
 [ SQL语句 ] : SELECT * FROM `pt_rider` WHERE ( `read_phone` = '18810950680' ) LIMIT 1  
ERR: 1054:Unknown column 'read_phone' in 'where clause'
 [ SQL语句 ] : SELECT * FROM `pt_rider` WHERE ( `read_phone` = '18810950680' ) LIMIT 1  

[ 2019-02-15T18:23:21+08:00 ] 127.0.0.1 /api/rider/login
INFO: [ app_init ] --START--
INFO: Run Behavior\BuildLiteBehavior [ RunTime:0.000000s ]
INFO: [ app_init ] --END-- [ RunTime:0.000000s ]
INFO: [ app_begin ] --START--
INFO: Run Behavior\ReadHtmlCacheBehavior [ RunTime:0.001000s ]
INFO: [ app_begin ] --END-- [ RunTime:0.001000s ]
NOTIC: [8] A session had already been started - ignoring session_start() D:\phpStudy\WWW\paotui-web\ThinkPHP\Common\functions.php 第 1263 行.
SQL: SHOW COLUMNS FROM `pt_rider` [ RunTime:0.0050s ]
SQL: SELECT * FROM `pt_rider` WHERE ( `real_phone` = '18810950680' ) LIMIT 1   [ RunTime:0.0010s ]

[ 2019-02-15T18:30:29+08:00 ] 127.0.0.1 /api/rider/login
INFO: [ app_init ] --START--
INFO: Run Behavior\BuildLiteBehavior [ RunTime:0.000000s ]
INFO: [ app_init ] --END-- [ RunTime:0.000000s ]
INFO: [ app_begin ] --START--
INFO: Run Behavior\ReadHtmlCacheBehavior [ RunTime:0.000000s ]
INFO: [ app_begin ] --END-- [ RunTime:0.000000s ]
NOTIC: [8] A session had already been started - ignoring session_start() D:\phpStudy\WWW\paotui-web\ThinkPHP\Common\functions.php 第 1263 行.
SQL: SHOW COLUMNS FROM `pt_rider` [ RunTime:0.0070s ]
SQL: SELECT * FROM `pt_rider` WHERE ( `real_phone` = '18810950680' ) LIMIT 1   [ RunTime:0.0000s ]
NOTIC: [2] Missing argument 1 for json_error(), called in D:\phpStudy\WWW\paotui-web\Application\Api\Controller\RiderController.class.php on line 78 and defined D:\phpStudy\WWW\paotui-web\Application\Common\Common\function.php 第 83 行.
NOTIC: [8] Undefined variable: code D:\phpStudy\WWW\paotui-web\Application\Common\Common\function.php 第 85 行.
NOTIC: [8] Undefined variable: code D:\phpStudy\WWW\paotui-web\Application\Common\Common\function.php 第 89 行.

[ 2019-02-15T18:31:13+08:00 ] 127.0.0.1 /api/rider/login
INFO: [ app_init ] --START--
INFO: Run Behavior\BuildLiteBehavior [ RunTime:0.000000s ]
INFO: [ app_init ] --END-- [ RunTime:0.001000s ]
INFO: [ app_begin ] --START--
INFO: Run Behavior\ReadHtmlCacheBehavior [ RunTime:0.001000s ]
INFO: [ app_begin ] --END-- [ RunTime:0.001000s ]
NOTIC: [8] A session had already been started - ignoring session_start() D:\phpStudy\WWW\paotui-web\ThinkPHP\Common\functions.php 第 1263 行.
SQL: SHOW COLUMNS FROM `pt_rider` [ RunTime:0.0060s ]
SQL: SELECT * FROM `pt_rider` WHERE ( `real_phone` = '18810950680' ) LIMIT 1   [ RunTime:0.0010s ]

[ 2019-02-15T18:31:38+08:00 ] 127.0.0.1 /api/rider/login
INFO: [ app_init ] --START--
INFO: Run Behavior\BuildLiteBehavior [ RunTime:0.000000s ]
INFO: [ app_init ] --END-- [ RunTime:0.000000s ]
INFO: [ app_begin ] --START--
INFO: Run Behavior\ReadHtmlCacheBehavior [ RunTime:0.001000s ]
INFO: [ app_begin ] --END-- [ RunTime:0.001000s ]
NOTIC: [8] A session had already been started - ignoring session_start() D:\phpStudy\WWW\paotui-web\ThinkPHP\Common\functions.php 第 1263 行.
SQL: SHOW COLUMNS FROM `pt_rider` [ RunTime:0.0060s ]
SQL: SELECT * FROM `pt_rider` WHERE ( `real_phone` = '18810950680' ) LIMIT 1   [ RunTime:0.0010s ]

[ 2019-02-15T18:31:56+08:00 ] 127.0.0.1 /api/rider/login
INFO: [ app_init ] --START--
INFO: Run Behavior\BuildLiteBehavior [ RunTime:0.000000s ]
INFO: [ app_init ] --END-- [ RunTime:0.000000s ]
INFO: [ app_begin ] --START--
INFO: Run Behavior\ReadHtmlCacheBehavior [ RunTime:0.000000s ]
INFO: [ app_begin ] --END-- [ RunTime:0.000000s ]
NOTIC: [8] A session had already been started - ignoring session_start() D:\phpStudy\WWW\paotui-web\ThinkPHP\Common\functions.php 第 1263 行.
SQL: SHOW COLUMNS FROM `pt_rider` [ RunTime:0.0110s ]
SQL: SELECT * FROM `pt_rider` WHERE ( `real_phone` = '18810950680' ) LIMIT 1   [ RunTime:0.0010s ]

[ 2019-02-15T18:32:50+08:00 ] 127.0.0.1 /api/rider/login
INFO: [ app_init ] --START--
INFO: Run Behavior\BuildLiteBehavior [ RunTime:0.000000s ]
INFO: [ app_init ] --END-- [ RunTime:0.000000s ]
INFO: [ app_begin ] --START--
INFO: Run Behavior\ReadHtmlCacheBehavior [ RunTime:0.000000s ]
INFO: [ app_begin ] --END-- [ RunTime:0.000000s ]
NOTIC: [8] A session had already been started - ignoring session_start() D:\phpStudy\WWW\paotui-web\ThinkPHP\Common\functions.php 第 1263 行.
SQL: SHOW COLUMNS FROM `pt_rider` [ RunTime:0.0060s ]
SQL: SELECT * FROM `pt_rider` WHERE ( `real_phone` = '18810950680' ) LIMIT 1   [ RunTime:0.0000s ]

[ 2019-02-15T18:33:25+08:00 ] 127.0.0.1 /api/rider/login
INFO: [ app_init ] --START--
INFO: Run Behavior\BuildLiteBehavior [ RunTime:0.000000s ]
INFO: [ app_init ] --END-- [ RunTime:0.001000s ]
INFO: [ app_begin ] --START--
INFO: Run Behavior\ReadHtmlCacheBehavior [ RunTime:0.001000s ]
INFO: [ app_begin ] --END-- [ RunTime:0.001000s ]
NOTIC: [8] A session had already been started - ignoring session_start() D:\phpStudy\WWW\paotui-web\ThinkPHP\Common\functions.php 第 1263 行.
SQL: SHOW COLUMNS FROM `pt_rider` [ RunTime:0.0060s ]
SQL: SELECT * FROM `pt_rider` WHERE ( `real_phone` = '18810950680' ) LIMIT 1   [ RunTime:0.0010s ]

[ 2019-02-15T18:33:39+08:00 ] 127.0.0.1 /api/rider/reg_rider
INFO: [ app_init ] --START--
INFO: Run Behavior\BuildLiteBehavior [ RunTime:0.000000s ]
INFO: [ app_init ] --END-- [ RunTime:0.001000s ]
INFO: [ app_begin ] --START--
INFO: Run Behavior\ReadHtmlCacheBehavior [ RunTime:0.000000s ]
INFO: [ app_begin ] --END-- [ RunTime:0.001000s ]
NOTIC: [8] A session had already been started - ignoring session_start() D:\phpStudy\WWW\paotui-web\ThinkPHP\Common\functions.php 第 1263 行.

[ 2019-02-15T18:34:26+08:00 ] 127.0.0.1 /api/rider/reg_rider
INFO: [ app_init ] --START--
INFO: Run Behavior\BuildLiteBehavior [ RunTime:0.000000s ]
INFO: [ app_init ] --END-- [ RunTime:0.000000s ]
INFO: [ app_begin ] --START--
INFO: Run Behavior\ReadHtmlCacheBehavior [ RunTime:0.000000s ]
INFO: [ app_begin ] --END-- [ RunTime:0.000000s ]
NOTIC: [8] A session had already been started - ignoring session_start() D:\phpStudy\WWW\paotui-web\ThinkPHP\Common\functions.php 第 1263 行.

[ 2019-02-15T18:34:32+08:00 ] 127.0.0.1 /api/rider/reg_rider
INFO: [ app_init ] --START--
INFO: Run Behavior\BuildLiteBehavior [ RunTime:0.000000s ]
INFO: [ app_init ] --END-- [ RunTime:0.001000s ]
INFO: [ app_begin ] --START--
INFO: Run Behavior\ReadHtmlCacheBehavior [ RunTime:0.000000s ]
INFO: [ app_begin ] --END-- [ RunTime:0.000000s ]
NOTIC: [8] A session had already been started - ignoring session_start() D:\phpStudy\WWW\paotui-web\ThinkPHP\Common\functions.php 第 1263 行.

[ 2019-02-15T18:34:53+08:00 ] 127.0.0.1 /api/rider/reg_rider
INFO: [ app_init ] --START--
INFO: Run Behavior\BuildLiteBehavior [ RunTime:0.000000s ]
INFO: [ app_init ] --END-- [ RunTime:0.000000s ]
INFO: [ app_begin ] --START--
INFO: Run Behavior\ReadHtmlCacheBehavior [ RunTime:0.000000s ]
INFO: [ app_begin ] --END-- [ RunTime:0.000000s ]
NOTIC: [8] A session had already been started - ignoring session_start() D:\phpStudy\WWW\paotui-web\ThinkPHP\Common\functions.php 第 1263 行.

[ 2019-02-15T18:35:25+08:00 ] 127.0.0.1 /api/rider/reg_rider
INFO: [ app_init ] --START--
INFO: Run Behavior\BuildLiteBehavior [ RunTime:0.000000s ]
INFO: [ app_init ] --END-- [ RunTime:0.001000s ]
INFO: [ app_begin ] --START--
INFO: Run Behavior\ReadHtmlCacheBehavior [ RunTime:0.001000s ]
INFO: [ app_begin ] --END-- [ RunTime:0.001000s ]
NOTIC: [8] A session had already been started - ignoring session_start() D:\phpStudy\WWW\paotui-web\ThinkPHP\Common\functions.php 第 1263 行.

[ 2019-02-15T18:35:37+08:00 ] 127.0.0.1 /api/rider/reg_rider
INFO: [ app_init ] --START--
INFO: Run Behavior\BuildLiteBehavior [ RunTime:0.000000s ]
INFO: [ app_init ] --END-- [ RunTime:0.001000s ]
INFO: [ app_begin ] --START--
INFO: Run Behavior\ReadHtmlCacheBehavior [ RunTime:0.001000s ]
INFO: [ app_begin ] --END-- [ RunTime:0.001000s ]
NOTIC: [8] A session had already been started - ignoring session_start() D:\phpStudy\WWW\paotui-web\ThinkPHP\Common\functions.php 第 1263 行.

[ 2019-02-15T18:35:50+08:00 ] 127.0.0.1 /api/rider/reg_rider
INFO: [ app_init ] --START--
INFO: Run Behavior\BuildLiteBehavior [ RunTime:0.000000s ]
INFO: [ app_init ] --END-- [ RunTime:0.000000s ]
INFO: [ app_begin ] --START--
INFO: Run Behavior\ReadHtmlCacheBehavior [ RunTime:0.000000s ]
INFO: [ app_begin ] --END-- [ RunTime:0.000000s ]
NOTIC: [8] A session had already been started - ignoring session_start() D:\phpStudy\WWW\paotui-web\ThinkPHP\Common\functions.php 第 1263 行.

[ 2019-02-15T18:35:57+08:00 ] 127.0.0.1 /api/rider/reg_rider
INFO: [ app_init ] --START--
INFO: Run Behavior\BuildLiteBehavior [ RunTime:0.000000s ]
INFO: [ app_init ] --END-- [ RunTime:0.000000s ]
INFO: [ app_begin ] --START--
INFO: Run Behavior\ReadHtmlCacheBehavior [ RunTime:0.001000s ]
INFO: [ app_begin ] --END-- [ RunTime:0.001000s ]
NOTIC: [8] A session had already been started - ignoring session_start() D:\phpStudy\WWW\paotui-web\ThinkPHP\Common\functions.php 第 1263 行.

[ 2019-02-15T18:36:02+08:00 ] 127.0.0.1 /api/rider/reg_rider
INFO: [ app_init ] --START--
INFO: Run Behavior\BuildLiteBehavior [ RunTime:0.000000s ]
INFO: [ app_init ] --END-- [ RunTime:0.000000s ]
INFO: [ app_begin ] --START--
INFO: Run Behavior\ReadHtmlCacheBehavior [ RunTime:0.000000s ]
INFO: [ app_begin ] --END-- [ RunTime:0.000000s ]
NOTIC: [8] A session had already been started - ignoring session_start() D:\phpStudy\WWW\paotui-web\ThinkPHP\Common\functions.php 第 1263 行.

[ 2019-02-15T18:36:14+08:00 ] 127.0.0.1 /api/rider/reg_rider
INFO: [ app_init ] --START--
INFO: Run Behavior\BuildLiteBehavior [ RunTime:0.000000s ]
INFO: [ app_init ] --END-- [ RunTime:0.001000s ]
INFO: [ app_begin ] --START--
INFO: Run Behavior\ReadHtmlCacheBehavior [ RunTime:0.000000s ]
INFO: [ app_begin ] --END-- [ RunTime:0.000000s ]
NOTIC: [8] A session had already been started - ignoring session_start() D:\phpStudy\WWW\paotui-web\ThinkPHP\Common\functions.php 第 1263 行.
SQL: SHOW COLUMNS FROM `pt_rider` [ RunTime:0.0080s ]
SQL: INSERT INTO `pt_rider` (`nick_name`,`real_name`,`real_phone`,`gender`,`idcard`,`salt`,`password`,`noencryption_passwprd`,`created_time`) VALUES ('刘环东','刘环东','18810950680','1','320321199210260278','hg3dx7','df82eede331b69dd868962adff736786','19921026','1550226973') [ RunTime:0.0180s ]
SQL: SELECT * FROM `pt_rider` WHERE ( `id` = '6' ) LIMIT 1   [ RunTime:0.0000s ]

[ 2019-02-15T18:37:34+08:00 ] 127.0.0.1 /api/rider/reg_rider
INFO: [ app_init ] --START--
INFO: Run Behavior\BuildLiteBehavior [ RunTime:0.000000s ]
INFO: [ app_init ] --END-- [ RunTime:0.001000s ]
INFO: [ app_begin ] --START--
INFO: Run Behavior\ReadHtmlCacheBehavior [ RunTime:0.000000s ]
INFO: [ app_begin ] --END-- [ RunTime:0.000000s ]
NOTIC: [8] A session had already been started - ignoring session_start() D:\phpStudy\WWW\paotui-web\ThinkPHP\Common\functions.php 第 1263 行.
SQL: SHOW COLUMNS FROM `pt_rider` [ RunTime:0.0090s ]
SQL: INSERT INTO `pt_rider` (`nick_name`,`wx_phone`,`real_name`,`real_phone`,`gender`,`idcard`,`salt`,`password`,`noencryption_passwprd`,`created_time`) VALUES ('刘环东','18810950680','刘环东','18810950680','1','320321199210260278','6TwGMt','30dfa75c4f2b5d56163f8e09556c8ff5','19921026','1550227053') [ RunTime:0.0240s ]
SQL: SELECT * FROM `pt_rider` WHERE ( `id` = '7' ) LIMIT 1   [ RunTime:0.0000s ]

[ 2019-02-15T18:38:13+08:00 ] 127.0.0.1 /api/rider/login
INFO: [ app_init ] --START--
INFO: Run Behavior\BuildLiteBehavior [ RunTime:0.000000s ]
INFO: [ app_init ] --END-- [ RunTime:0.001000s ]
INFO: [ app_begin ] --START--
INFO: Run Behavior\ReadHtmlCacheBehavior [ RunTime:0.000000s ]
INFO: [ app_begin ] --END-- [ RunTime:0.000000s ]
NOTIC: [8] A session had already been started - ignoring session_start() D:\phpStudy\WWW\paotui-web\ThinkPHP\Common\functions.php 第 1263 行.
SQL: SHOW COLUMNS FROM `pt_rider` [ RunTime:0.0050s ]
SQL: SELECT * FROM `pt_rider` WHERE ( `real_phone` = '18810950680' ) LIMIT 1   [ RunTime:0.0000s ]

[ 2019-02-15T18:38:41+08:00 ] 127.0.0.1 /api/rider/login
INFO: [ app_init ] --START--
INFO: Run Behavior\BuildLiteBehavior [ RunTime:0.000000s ]
INFO: [ app_init ] --END-- [ RunTime:0.000000s ]
INFO: [ app_begin ] --START--
INFO: Run Behavior\ReadHtmlCacheBehavior [ RunTime:0.000000s ]
INFO: [ app_begin ] --END-- [ RunTime:0.000000s ]
NOTIC: [8] A session had already been started - ignoring session_start() D:\phpStudy\WWW\paotui-web\ThinkPHP\Common\functions.php 第 1263 行.
SQL: SHOW COLUMNS FROM `pt_rider` [ RunTime:0.0060s ]
SQL: SELECT * FROM `pt_rider` WHERE ( `real_phone` = '18810950680' ) LIMIT 1   [ RunTime:0.0000s ]

[ 2019-02-15T18:39:05+08:00 ] 127.0.0.1 /api/rider/login
INFO: [ app_init ] --START--
INFO: Run Behavior\BuildLiteBehavior [ RunTime:0.000000s ]
INFO: [ app_init ] --END-- [ RunTime:0.001000s ]
INFO: [ app_begin ] --START--
INFO: Run Behavior\ReadHtmlCacheBehavior [ RunTime:0.000000s ]
INFO: [ app_begin ] --END-- [ RunTime:0.000000s ]
NOTIC: [8] A session had already been started - ignoring session_start() D:\phpStudy\WWW\paotui-web\ThinkPHP\Common\functions.php 第 1263 行.
SQL: SHOW COLUMNS FROM `pt_rider` [ RunTime:0.0150s ]
SQL: SELECT * FROM `pt_rider` WHERE ( `real_phone` = '18810950680' ) LIMIT 1   [ RunTime:0.0010s ]

